2025-07-30 09:36:01,611 - config - INFO - ✅ Navegadores de Playwright instalados correctamente
2025-07-30 09:36:01,612 - config - INFO - 🎵 Iniciando scraping de eventos para usuario 3ba09295-b720-44b3-82a8-7676177a031a con radio 15.0km
2025-07-30 09:36:02,082 - httpx - INFO - HTTP Request: GET https://xvwnwzlppenrtzxfwjax.supabase.co/rest/v1/auth.users?select=raw_user_meta_data&id=eq.3ba09295-b720-44b3-82a8-7676177a031a "HTTP/2 404 Not Found"
2025-07-30 09:36:02,084 - config - ERROR - ❌ Error en scraping: Error obteniendo ubicación del usuario: {'message': 'relation "public.auth.users" does not exist', 'code': '42P01', 'hint': None, 'details': None}
2025-07-30 09:42:40,720 - config - INFO - ✅ Navegadores de Playwright instalados correctamente
2025-07-30 09:42:40,722 - config - INFO - 🎵 Iniciando scraping de eventos para usuario 3ba09295-b720-44b3-82a8-7676177a031a con radio 15.0km
2025-07-30 09:42:41,571 - httpx - INFO - HTTP Request: GET https://xvwnwzlppenrtzxfwjax.supabase.co/rest/v1/profiles?select=%2A&id=eq.3ba09295-b720-44b3-82a8-7676177a031a&limit=1 "HTTP/2 404 Not Found"
2025-07-30 09:42:41,573 - config - WARNING - Error obteniendo ubicación del usuario: {'message': 'relation "public.profiles" does not exist', 'code': '42P01', 'hint': None, 'details': None}, usando datos por defecto
2025-07-30 09:42:41,573 - config - INFO - 📍 Hotel ubicado en: CIUDAD DE MEXICO (19.4326, -99.1332)
2025-07-30 09:42:42,147 - config - WARNING - Reintento 1/3
2025-07-30 09:42:46,720 - config - WARNING - Reintento 2/3
2025-07-30 09:42:51,288 - config - ERROR - ❌ Error en scraping: RetryError[<Future at 0x276ff4ad1d0 state=finished raised TypeError>]
2025-07-30 09:45:29,613 - config - INFO - ✅ Navegadores de Playwright instalados correctamente
2025-07-30 09:45:29,615 - config - INFO - 🎵 Iniciando scraping de eventos para usuario 3ba09295-b720-44b3-82a8-7676177a031a
2025-07-30 09:45:30,432 - httpx - INFO - HTTP Request: GET https://xvwnwzlppenrtzxfwjax.supabase.co/rest/v1/profiles?select=%2A&id=eq.3ba09295-b720-44b3-82a8-7676177a031a&limit=1 "HTTP/2 404 Not Found"
2025-07-30 09:45:30,433 - config - WARNING - Error obteniendo ubicación del usuario: {'message': 'relation "public.profiles" does not exist', 'code': '42P01', 'hint': None, 'details': None}, usando datos por defecto
2025-07-30 09:45:30,434 - config - INFO - 📍 Hotel ubicado en: CIUDAD DE MEXICO
2025-07-30 09:45:30,956 - config - WARNING - Reintento 1/3
2025-07-30 09:45:35,471 - config - WARNING - Reintento 2/3
2025-07-30 09:45:40,003 - config - ERROR - ❌ Error en scraping: RetryError[<Future at 0x21b7b2b9310 state=finished raised TypeError>]
2025-07-30 09:46:46,506 - config - INFO - ✅ Navegadores de Playwright instalados correctamente
2025-07-30 09:46:46,507 - config - INFO - 🎵 Iniciando scraping de eventos para usuario 3ba09295-b720-44b3-82a8-7676177a031a
2025-07-30 09:46:47,233 - httpx - INFO - HTTP Request: GET https://xvwnwzlppenrtzxfwjax.supabase.co/rest/v1/profiles?select=%2A&id=eq.3ba09295-b720-44b3-82a8-7676177a031a&limit=1 "HTTP/2 404 Not Found"
2025-07-30 09:46:47,234 - config - WARNING - Error obteniendo ubicación del usuario: {'message': 'relation "public.profiles" does not exist', 'code': '42P01', 'hint': None, 'details': None}, usando datos por defecto
2025-07-30 09:46:47,234 - config - INFO - 📍 Hotel ubicado en: CIUDAD DE MEXICO
2025-07-30 09:46:47,765 - config - ERROR - ❌ Error en scraping: BrowserType.launch() got an unexpected keyword argument 'user_agent'
